<?xml version="1.0" encoding="UTF-8"?>
<!-- Generated by org.testng.reporters.JUnitReportReporter -->
<testsuite hostname="khajaDevice" failures="0" tests="1" name="testScripts.LoginTest" time="1.395" errors="0" timestamp="2023-10-25T17:19:24 IST" skipped="0">
  <testcase classname="testScripts.LoginTest" name="loginTest" time="1.395"/>
  <system-out/>
</testsuite> <!-- testScripts.LoginTest -->
